0 info it worked if it ends with ok
1 verbose cli [ 'C:\\Program Files\\nodejs\\node.exe',
1 verbose cli   'C:\\Users\\USER\\AppData\\Roaming\\npm\\node_modules\\npm\\bin\\npm-cli.js',
1 verbose cli   'run',
1 verbose cli   'tsc' ]
2 info using npm@3.10.7
3 info using node@v4.4.5
4 verbose run-script [ 'pretsc', 'tsc', 'posttsc' ]
5 info lifecycle api-service@1.0.0~pretsc: api-service@1.0.0
6 silly lifecycle api-service@1.0.0~pretsc: no script for pretsc, continuing
7 info lifecycle api-service@1.0.0~tsc: api-service@1.0.0
8 verbose lifecycle api-service@1.0.0~tsc: unsafe-perm in lifecycle true
9 verbose lifecycle api-service@1.0.0~tsc: PATH: C:\Users\USER\AppData\Roaming\npm\node_modules\npm\bin\node-gyp-bin;D:\local-uhilari\api-service\node_modules\.bin;C:\ProgramData\Oracle\Java\javapath;C:\Program Files (x86)\iis express\PHP\v5.4;C:\Windows\system32;C:\Windows;C:\Windows\System32\Wbem;C:\Program Files (x86)\Microsoft SQL Server\100\Tools\Binn\;C:\Program Files\Microsoft SQL Server\100\Tools\Binn\;C:\Program Files\Microsoft SQL Server\100\DTS\Binn\;C:\Program Files (x86)\Microsoft SQL Server\100\Tools\Binn\VSShell\Common7\IDE\;C:\Program Files (x86)\Microsoft Visual Studio 9.0\Common7\IDE\PrivateAssemblies\;C:\Program Files (x86)\Microsoft SQL Server\100\DTS\Binn\;C:\Program Files (x86)\Git\cmd;C:\Program Files (x86)\Git\bin;C:\strawberry\c\bin;C:\strawberry\perl\site\bin;C:\strawberry\perl\bin;C:\HashiCorp\Vagrant\bin;C:\Windows\System32\WindowsPowerShell\v1.0\;C:\Windows\System32\WindowsPowerShell\v1.0\;C:\xampp\php;C:\ProgramData\ComposerSetup\bin;C:\Chocolatey\bin;C:\Code\apigen;C:\Program Files\MySQL\MySQL Server 5.1\bin;C:\Program Files (x86)\Microsoft ASP.NET\ASP.NET Web Pages\v1.0\;C:\Program Files\Microsoft SQL Server\110\Tools\Binn\;C:\Program Files (x86)\Windows Kits\8.1\Windows Performance Toolkit\;C:\Program Files\nodejs\;C:\Program Files (x86)\Skype\Phone\;C:\Chocolatey\bin;C:\xampp\php;C:\Code\apigen;C:\Users\USER\AppData\Roaming\npm
10 verbose lifecycle api-service@1.0.0~tsc: CWD: D:\local-uhilari\api-service
11 silly lifecycle api-service@1.0.0~tsc: Args: [ '/d /s /c', 'tsc' ]
12 silly lifecycle api-service@1.0.0~tsc: Returned: code: 1  signal: null
13 info lifecycle api-service@1.0.0~tsc: Failed to exec tsc script
14 verbose stack Error: api-service@1.0.0 tsc: `tsc`
14 verbose stack Exit status 1
14 verbose stack     at EventEmitter.<anonymous> (C:\Users\USER\AppData\Roaming\npm\node_modules\npm\lib\utils\lifecycle.js:255:16)
14 verbose stack     at emitTwo (events.js:87:13)
14 verbose stack     at EventEmitter.emit (events.js:172:7)
14 verbose stack     at ChildProcess.<anonymous> (C:\Users\USER\AppData\Roaming\npm\node_modules\npm\lib\utils\spawn.js:40:14)
14 verbose stack     at emitTwo (events.js:87:13)
14 verbose stack     at ChildProcess.emit (events.js:172:7)
14 verbose stack     at maybeClose (internal/child_process.js:827:16)
14 verbose stack     at Process.ChildProcess._handle.onexit (internal/child_process.js:211:5)
15 verbose pkgid api-service@1.0.0
16 verbose cwd D:\local-uhilari\api-service
17 error Windows_NT 6.1.7601
18 error argv "C:\\Program Files\\nodejs\\node.exe" "C:\\Users\\USER\\AppData\\Roaming\\npm\\node_modules\\npm\\bin\\npm-cli.js" "run" "tsc"
19 error node v4.4.5
20 error npm  v3.10.7
21 error code ELIFECYCLE
22 error api-service@1.0.0 tsc: `tsc`
22 error Exit status 1
23 error Failed at the api-service@1.0.0 tsc script 'tsc'.
23 error Make sure you have the latest version of node.js and npm installed.
23 error If you do, this is most likely a problem with the api-service package,
23 error not with npm itself.
23 error Tell the author that this fails on your system:
23 error     tsc
23 error You can get information on how to open an issue for this project with:
23 error     npm bugs api-service
23 error Or if that isn't available, you can get their info via:
23 error     npm owner ls api-service
23 error There is likely additional logging output above.
24 verbose exit [ 1, true ]
